2018/03/03 18:57:17 [error] [exception.CException] CException: Property "User.salt" is not defined. in /Applications/MAMP/htdocs/blog/framework/base/CComponent.php:130
Stack trace:
#0 /Applications/MAMP/htdocs/blog/framework/db/ar/CActiveRecord.php(145): CComponent->__get('salt')
#1 /Applications/MAMP/htdocs/blog/protected/models/User.php(112): CActiveRecord->__get('salt')
#2 /Applications/MAMP/htdocs/blog/protected/components/UserIdentity.php(26): User->validatePassword('demo')
#3 /Applications/MAMP/htdocs/blog/protected/models/LoginForm.php(54): UserIdentity->authenticate()
#4 /Applications/MAMP/htdocs/blog/framework/validators/CInlineValidator.php(42): LoginForm->authenticate('password', Array)
#5 /Applications/MAMP/htdocs/blog/framework/validators/CValidator.php(201): CInlineValidator->validateAttribute(Object(LoginForm), 'password')
#6 /Applications/MAMP/htdocs/blog/framework/base/CModel.php(159): CValidator->validate(Object(LoginForm), Array)
#7 /Applications/MAMP/htdocs/blog/protected/controllers/SiteController.php(94): CModel->validate()
#8 /Applications/MAMP/htdocs/blog/framework/web/actions/CInlineAction.php(49): SiteController->actionLogin()
#9 /Applications/MAMP/htdocs/blog/framework/web/CController.php(308): CInlineAction->runWithParams(Array)
#10 /Applications/MAMP/htdocs/blog/framework/web/CController.php(286): CController->runAction(Object(CInlineAction))
#11 /Applications/MAMP/htdocs/blog/framework/web/CController.php(265): CController->runActionWithFilters(Object(CInlineAction), Array)
#12 /Applications/MAMP/htdocs/blog/framework/web/CWebApplication.php(282): CController->run('login')
#13 /Applications/MAMP/htdocs/blog/framework/web/CWebApplication.php(141): CWebApplication->runController('site/login')
#14 /Applications/MAMP/htdocs/blog/framework/base/CApplication.php(185): CWebApplication->processRequest()
#15 /Applications/MAMP/htdocs/blog/index.php(13): CApplication->run()
#16 {main}
REQUEST_URI=/blog/index.php?r=site/login
HTTP_REFERER=http://localhost:8888/blog/index.php?r=site/login
---
2018/03/03 19:19:35 [error] [php] Non-static method User::hashPassword() should not be called statically (/Applications/MAMP/htdocs/blog/protected/models/LoginForm.php:55)
Stack trace:
#0 /Applications/MAMP/htdocs/blog/framework/base/CModel.php(159): CInlineValidator->validate()
#1 /Applications/MAMP/htdocs/blog/protected/controllers/SiteController.php(94): LoginForm->validate()
#2 /Applications/MAMP/htdocs/blog/framework/web/actions/CInlineAction.php(49): SiteController->actionLogin()
#3 /Applications/MAMP/htdocs/blog/framework/web/CController.php(308): CInlineAction->runWithParams()
#4 /Applications/MAMP/htdocs/blog/framework/web/CController.php(286): SiteController->runAction()
#5 /Applications/MAMP/htdocs/blog/framework/web/CController.php(265): SiteController->runActionWithFilters()
#6 /Applications/MAMP/htdocs/blog/framework/web/CWebApplication.php(282): SiteController->run()
#7 /Applications/MAMP/htdocs/blog/framework/web/CWebApplication.php(141): CWebApplication->runController()
#8 /Applications/MAMP/htdocs/blog/framework/base/CApplication.php(185): CWebApplication->processRequest()
#9 /Applications/MAMP/htdocs/blog/index.php(13): CWebApplication->run()
REQUEST_URI=/blog/index.php?r=site/login
in /Applications/MAMP/htdocs/blog/protected/models/LoginForm.php (55)
in /Applications/MAMP/htdocs/blog/protected/controllers/SiteController.php (94)
in /Applications/MAMP/htdocs/blog/index.php (13)
2018/03/03 19:20:32 [error] [exception.ArgumentCountError] ArgumentCountError: Too few arguments to function User::hashPassword(), 1 passed in /Applications/MAMP/htdocs/blog/protected/models/LoginForm.php on line 55 and exactly 2 expected in /Applications/MAMP/htdocs/blog/protected/models/User.php:117
Stack trace:
#0 /Applications/MAMP/htdocs/blog/protected/models/LoginForm.php(55): User::hashPassword('demo')
#1 /Applications/MAMP/htdocs/blog/framework/validators/CInlineValidator.php(42): LoginForm->authenticate('password', Array)
#2 /Applications/MAMP/htdocs/blog/framework/validators/CValidator.php(201): CInlineValidator->validateAttribute(Object(LoginForm), 'password')
#3 /Applications/MAMP/htdocs/blog/framework/base/CModel.php(159): CValidator->validate(Object(LoginForm), Array)
#4 /Applications/MAMP/htdocs/blog/protected/controllers/SiteController.php(94): CModel->validate()
#5 /Applications/MAMP/htdocs/blog/framework/web/actions/CInlineAction.php(49): SiteController->actionLogin()
#6 /Applications/MAMP/htdocs/blog/framework/web/CController.php(308): CInlineAction->runWithParams(Array)
#7 /Applications/MAMP/htdocs/blog/framework/web/CController.php(286): CController->runAction(Object(CInlineAction))
#8 /Applications/MAMP/htdocs/blog/framework/web/CController.php(265): CController->runActionWithFilters(Object(CInlineAction), Array)
#9 /Applications/MAMP/htdocs/blog/framework/web/CWebApplication.php(282): CController->run('login')
#10 /Applications/MAMP/htdocs/blog/framework/web/CWebApplication.php(141): CWebApplication->runController('site/login')
#11 /Applications/MAMP/htdocs/blog/framework/base/CApplication.php(185): CWebApplication->processRequest()
#12 /Applications/MAMP/htdocs/blog/index.php(13): CApplication->run()
#13 {main}
REQUEST_URI=/blog/index.php?r=site/login
HTTP_REFERER=http://localhost:8888/blog/index.php?r=site/login
---
2018/03/03 19:24:34 [error] [php] Non-static method User::hashPassword() should not be called statically (/Applications/MAMP/htdocs/blog/protected/models/LoginForm.php:56)
Stack trace:
#0 /Applications/MAMP/htdocs/blog/framework/base/CModel.php(159): CInlineValidator->validate()
#1 /Applications/MAMP/htdocs/blog/protected/controllers/SiteController.php(94): LoginForm->validate()
#2 /Applications/MAMP/htdocs/blog/framework/web/actions/CInlineAction.php(49): SiteController->actionLogin()
#3 /Applications/MAMP/htdocs/blog/framework/web/CController.php(308): CInlineAction->runWithParams()
#4 /Applications/MAMP/htdocs/blog/framework/web/CController.php(286): SiteController->runAction()
#5 /Applications/MAMP/htdocs/blog/framework/web/CController.php(265): SiteController->runActionWithFilters()
#6 /Applications/MAMP/htdocs/blog/framework/web/CWebApplication.php(282): SiteController->run()
#7 /Applications/MAMP/htdocs/blog/framework/web/CWebApplication.php(141): CWebApplication->runController()
#8 /Applications/MAMP/htdocs/blog/framework/base/CApplication.php(185): CWebApplication->processRequest()
#9 /Applications/MAMP/htdocs/blog/index.php(13): CWebApplication->run()
REQUEST_URI=/blog/index.php?r=site/login
in /Applications/MAMP/htdocs/blog/protected/models/LoginForm.php (56)
in /Applications/MAMP/htdocs/blog/protected/controllers/SiteController.php (94)
in /Applications/MAMP/htdocs/blog/index.php (13)
